c:\users\jakob\onedrive\documents\projects\gamedev\game\game\release\drei.pdb
c:\users\jakob\onedrive\documents\projects\gamedev\game\game\drei\release\planematerial.obj
c:\users\jakob\onedrive\documents\projects\gamedev\game\game\drei\release\phongmaterial.obj
c:\users\jakob\onedrive\documents\projects\gamedev\game\game\drei\release\material.obj
c:\users\jakob\onedrive\documents\projects\gamedev\game\game\drei\release\basicmaterial.obj
c:\users\jakob\onedrive\documents\projects\gamedev\game\game\drei\release\planegeometry.obj
c:\users\jakob\onedrive\documents\projects\gamedev\game\game\drei\release\geometry.obj
c:\users\jakob\onedrive\documents\projects\gamedev\game\game\drei\release\boxgeometry.obj
c:\users\jakob\onedrive\documents\projects\gamedev\game\game\drei\release\scene.obj
c:\users\jakob\onedrive\documents\projects\gamedev\game\game\drei\release\renderer.obj
c:\users\jakob\onedrive\documents\projects\gamedev\game\game\drei\release\object3d.obj
c:\users\jakob\onedrive\documents\projects\gamedev\game\game\drei\release\mesh.obj
c:\users\jakob\onedrive\documents\projects\gamedev\game\game\drei\release\camera.obj
c:\users\jakob\onedrive\documents\projects\gamedev\game\game\release\drei.lib
c:\users\jakob\onedrive\documents\projects\gamedev\game\game\drei\release\drei.tlog\cl.command.1.tlog
c:\users\jakob\onedrive\documents\projects\gamedev\game\game\drei\release\drei.tlog\cl.read.1.tlog
c:\users\jakob\onedrive\documents\projects\gamedev\game\game\drei\release\drei.tlog\cl.write.1.tlog
c:\users\jakob\onedrive\documents\projects\gamedev\game\game\drei\release\drei.tlog\lib-link.read.1.tlog
c:\users\jakob\onedrive\documents\projects\gamedev\game\game\drei\release\drei.tlog\lib-link.write.1.tlog
c:\users\jakob\onedrive\documents\projects\gamedev\game\game\drei\release\drei.tlog\lib.command.1.tlog
